
*** Running vivado
    with args -log clk_wiz_0.vds -m64 -product Vivado -mode batch -messageDb vivado.pb -notrace -source clk_wiz_0.tcl


****** Vivado v2017.1 (64-bit)
  **** SW Build 1846317 on Fri Apr 14 18:55:03 MDT 2017
  **** IP Build 1846188 on Fri Apr 14 20:52:08 MDT 2017
    ** Copyright 1986-2017 Xilinx, Inc. All Rights Reserved.

source clk_wiz_0.tcl -notrace
Starting RTL Elaboration : Time (s): cpu = 00:00:04 ; elapsed = 00:00:16 . Memory (MB): peak = 389.930 ; gain = 41.398
INFO: [Synth 8-638] synthesizing module 'clk_wiz_0' [e:/VivadoProject/AD9361_CONFIG_v1.1/AD9361_CONFIG_v1.1.srcs/sources_1/ip/clk_wiz_0/clk_wiz_0.v:70]
INFO: [Synth 8-638] synthesizing module 'clk_wiz_0_clk_wiz' [e:/VivadoProject/AD9361_CONFIG_v1.1/AD9361_CONFIG_v1.1.srcs/sources_1/ip/clk_wiz_0/clk_wiz_0_clk_wiz.v:68]
INFO: [Synth 8-638] synthesizing module 'IBUFDS' [D:/XilinxVivado/Vivado/2017.1/scripts/rt/data/unisim_comp.v:14485]
INFO: [Synth 8-256] done synthesizing module 'IBUFDS' (1#1) [D:/XilinxVivado/Vivado/2017.1/scripts/rt/data/unisim_comp.v:14485]
INFO: [Synth 8-638] synthesizing module 'MMCME2_ADV' [D:/XilinxVivado/Vivado/2017.1/scripts/rt/data/unisim_comp.v:20759]
INFO: [Synth 8-256] done synthesizing module 'MMCME2_ADV' (2#1) [D:/XilinxVivado/Vivado/2017.1/scripts/rt/data/unisim_comp.v:20759]
INFO: [Synth 8-638] synthesizing module 'BUFG' [D:/XilinxVivado/Vivado/2017.1/scripts/rt/data/unisim_comp.v:607]
INFO: [Synth 8-256] done synthesizing module 'BUFG' (3#1) [D:/XilinxVivado/Vivado/2017.1/scripts/rt/data/unisim_comp.v:607]
INFO: [Synth 8-256] done synthesizing module 'clk_wiz_0_clk_wiz' (4#1) [e:/VivadoProject/AD9361_CONFIG_v1.1/AD9361_CONFIG_v1.1.srcs/sources_1/ip/clk_wiz_0/clk_wiz_0_clk_wiz.v:68]
INFO: [Synth 8-256] done synthesizing module 'clk_wiz_0' (5#1) [e:/VivadoProject/AD9361_CONFIG_v1.1/AD9361_CONFIG_v1.1.srcs/sources_1/ip/clk_wiz_0/clk_wiz_0.v:70]
Finished RTL Elaboration : Time (s): cpu = 00:00:05 ; elapsed = 00:00:28 . Memory (MB): peak = 422.832 ; gain = 74.301
Finished RTL Optimization Phase 1 : Time (s): cpu = 00:00:05 ; elapsed = 00:00:29 . Memory (MB): peak = 422.832 ; gain = 74.301
INFO: [Device 21-403] Loading part xc7k325tffg900-2
write_xdc: Time (s): cpu = 00:00:00 ; elapsed = 00:00:05 . Memory (MB): peak = 662.672 ; gain = 0.000
Constraint Validation Runtime : Time (s): cpu = 00:00:00 ; elapsed = 00:00:00.233 . Memory (MB): peak = 666.742 ; gain = 0.000
Finished Constraint Validation : Time (s): cpu = 00:00:17 ; elapsed = 00:01:53 . Memory (MB): peak = 666.742 ; gain = 318.211
Finished Loading Part and Timing Information : Time (s): cpu = 00:00:17 ; elapsed = 00:01:54 . Memory (MB): peak = 666.742 ; gain = 318.211
Finished applying 'set_property' XDC Constraints : Time (s): cpu = 00:00:17 ; elapsed = 00:01:56 . Memory (MB): peak = 666.742 ; gain = 318.211
Finished RTL Optimization Phase 2 : Time (s): cpu = 00:00:17 ; elapsed = 00:01:56 . Memory (MB): peak = 666.742 ; gain = 318.211
Finished Cross Boundary and Area Optimization : Time (s): cpu = 00:00:17 ; elapsed = 00:01:57 . Memory (MB): peak = 666.742 ; gain = 318.211
Finished Applying XDC Timing Constraints : Time (s): cpu = 00:00:29 ; elapsed = 00:02:11 . Memory (MB): peak = 683.160 ; gain = 334.629
Finished Timing Optimization : Time (s): cpu = 00:00:29 ; elapsed = 00:02:11 . Memory (MB): peak = 683.160 ; gain = 334.629
Finished Technology Mapping : Time (s): cpu = 00:00:29 ; elapsed = 00:02:11 . Memory (MB): peak = 701.445 ; gain = 352.914
Finished IO Insertion : Time (s): cpu = 00:00:30 ; elapsed = 00:02:12 . Memory (MB): peak = 701.445 ; gain = 352.914
Finished Renaming Generated Instances : Time (s): cpu = 00:00:30 ; elapsed = 00:02:12 . Memory (MB): peak = 701.445 ; gain = 352.914
Finished Rebuilding User Hierarchy : Time (s): cpu = 00:00:30 ; elapsed = 00:02:12 . Memory (MB): peak = 701.445 ; gain = 352.914
Finished Renaming Generated Ports : Time (s): cpu = 00:00:30 ; elapsed = 00:02:12 . Memory (MB): peak = 701.445 ; gain = 352.914
Finished Handling Custom Attributes : Time (s): cpu = 00:00:30 ; elapsed = 00:02:12 . Memory (MB): peak = 701.445 ; gain = 352.914
Finished Renaming Generated Nets : Time (s): cpu = 00:00:30 ; elapsed = 00:02:12 . Memory (MB): peak = 701.445 ; gain = 352.914

Report Cell Usage: 
+------+-----------+------+
|      |Cell       |Count |
+------+-----------+------+
|1     |BUFG       |     2|
|2     |MMCME2_ADV |     1|
|3     |IBUFDS     |     1|
+------+-----------+------+
Finished Writing Synthesis Report : Time (s): cpu = 00:00:30 ; elapsed = 00:02:12 . Memory (MB): peak = 701.445 ; gain = 352.914
synth_design: Time (s): cpu = 00:00:33 ; elapsed = 00:02:19 . Memory (MB): peak = 711.895 ; gain = 431.852
