
*** Running vivado
    with args -log qpath_generator.vds -m64 -product Vivado -mode batch -messageDb vivado.pb -notrace -source qpath_generator.tcl


****** Vivado v2017.1 (64-bit)
  **** SW Build 1846317 on Fri Apr 14 18:55:03 MDT 2017
  **** IP Build 1846188 on Fri Apr 14 20:52:08 MDT 2017
    ** Copyright 1986-2017 Xilinx, Inc. All Rights Reserved.

source qpath_generator.tcl -notrace
Starting RTL Elaboration : Time (s): cpu = 00:00:06 ; elapsed = 00:00:07 . Memory (MB): peak = 389.184 ; gain = 43.520
INFO: [Synth 8-638] synthesizing module 'qpath_generator' [e:/VivadoProject/AD9361_TX_MSK/AD9361_TX_MSK.srcs/sources_1/ip/qpath_generator/synth/qpath_generator.vhd:69]
INFO: [Synth 8-256] done synthesizing module 'qpath_generator' (9#1) [e:/VivadoProject/AD9361_TX_MSK/AD9361_TX_MSK.srcs/sources_1/ip/qpath_generator/synth/qpath_generator.vhd:69]
Finished RTL Elaboration : Time (s): cpu = 00:01:00 ; elapsed = 00:01:02 . Memory (MB): peak = 579.648 ; gain = 233.984
Finished RTL Optimization Phase 1 : Time (s): cpu = 00:01:00 ; elapsed = 00:01:02 . Memory (MB): peak = 579.648 ; gain = 233.984
INFO: [Device 21-403] Loading part xc7k325tffg900-2
Constraint Validation Runtime : Time (s): cpu = 00:00:00 ; elapsed = 00:00:00.066 . Memory (MB): peak = 675.242 ; gain = 0.000
Finished Constraint Validation : Time (s): cpu = 00:01:12 ; elapsed = 00:01:17 . Memory (MB): peak = 675.242 ; gain = 329.578
Finished Loading Part and Timing Information : Time (s): cpu = 00:01:12 ; elapsed = 00:01:17 . Memory (MB): peak = 675.242 ; gain = 329.578
Finished applying 'set_property' XDC Constraints : Time (s): cpu = 00:01:12 ; elapsed = 00:01:17 . Memory (MB): peak = 675.242 ; gain = 329.578
Finished RTL Optimization Phase 2 : Time (s): cpu = 00:01:12 ; elapsed = 00:01:17 . Memory (MB): peak = 675.242 ; gain = 329.578
Finished Cross Boundary and Area Optimization : Time (s): cpu = 00:01:13 ; elapsed = 00:01:18 . Memory (MB): peak = 675.242 ; gain = 329.578
Finished Applying XDC Timing Constraints : Time (s): cpu = 00:01:25 ; elapsed = 00:01:31 . Memory (MB): peak = 694.461 ; gain = 348.797
Finished Timing Optimization : Time (s): cpu = 00:01:25 ; elapsed = 00:01:31 . Memory (MB): peak = 694.461 ; gain = 348.797
Finished Technology Mapping : Time (s): cpu = 00:01:25 ; elapsed = 00:01:31 . Memory (MB): peak = 704.602 ; gain = 358.938
Finished IO Insertion : Time (s): cpu = 00:01:26 ; elapsed = 00:01:32 . Memory (MB): peak = 704.602 ; gain = 358.938
Finished Renaming Generated Instances : Time (s): cpu = 00:01:26 ; elapsed = 00:01:32 . Memory (MB): peak = 704.602 ; gain = 358.938
Finished Rebuilding User Hierarchy : Time (s): cpu = 00:01:26 ; elapsed = 00:01:32 . Memory (MB): peak = 704.602 ; gain = 358.938
Finished Renaming Generated Ports : Time (s): cpu = 00:01:26 ; elapsed = 00:01:32 . Memory (MB): peak = 704.602 ; gain = 358.938
Finished Handling Custom Attributes : Time (s): cpu = 00:01:26 ; elapsed = 00:01:32 . Memory (MB): peak = 704.602 ; gain = 358.938
Finished Renaming Generated Nets : Time (s): cpu = 00:01:26 ; elapsed = 00:01:32 . Memory (MB): peak = 704.602 ; gain = 358.938

Report Cell Usage: 
+------+---------+------+
|      |Cell     |Count |
+------+---------+------+
|1     |RAMB18E1 |     1|
+------+---------+------+
Finished Writing Synthesis Report : Time (s): cpu = 00:01:26 ; elapsed = 00:01:32 . Memory (MB): peak = 704.602 ; gain = 358.938
synth_design: Time (s): cpu = 00:01:29 ; elapsed = 00:01:36 . Memory (MB): peak = 724.203 ; gain = 444.570
