Vivado Simulator 2017.1
Copyright 1986-1999, 2001-2016 Xilinx, Inc. All Rights Reserved.
Running: D:/XilinxVivado/Vivado/2017.1/bin/unwrapped/win64.o/xelab.exe -wto a2a0317a2ef245b7a7d9a95476944cb3 --debug typical --relax --mt 2 -L xil_defaultlib -L unisims_ver -L unimacro_ver -L secureip -L xpm --snapshot ad9361_txdata_tb_behav xil_defaultlib.ad9361_txdata_tb xil_defaultlib.glbl -log elaborate.log 
Using 2 slave threads.
Starting static elaboration
Completed static elaboration
Starting simulation data flow analysis
Completed simulation data flow analysis
Time Resolution for simulation is 1ps
Compiling module unisims_ver.GND
Compiling module unisims_ver.RB18_INTERNAL_VLOG(DOA_REG=1,DOB...
Compiling module unisims_ver.RAMB18E1(DOA_REG=1,INIT_00=256'b...
Compiling module xil_defaultlib.ipath_generator_blk_mem_gen_prim...
Compiling module xil_defaultlib.ipath_generator_blk_mem_gen_prim...
Compiling module unisims_ver.RB36_INTERNAL_VLOG(DOA_REG=1,DOB...
Compiling module unisims_ver.RAMB36E1(DOA_REG=1,INIT_00=256'b...
Compiling module xil_defaultlib.ipath_generator_blk_mem_gen_prim...
Compiling module xil_defaultlib.ipath_generator_blk_mem_gen_prim...
Compiling module xil_defaultlib.ipath_generator_blk_mem_gen_gene...
Compiling module xil_defaultlib.ipath_generator_blk_mem_gen_top
Compiling module xil_defaultlib.ipath_generator_blk_mem_gen_v8_3...
Compiling module xil_defaultlib.ipath_generator_blk_mem_gen_v8_3...
Compiling module xil_defaultlib.ipath_generator
Compiling module unisims_ver.RB18_INTERNAL_VLOG(DOA_REG=1,DOB...
Compiling module unisims_ver.RAMB18E1(DOA_REG=1,INIT_00=256'b...
Compiling module xil_defaultlib.qpath_generator_blk_mem_gen_prim...
Compiling module xil_defaultlib.qpath_generator_blk_mem_gen_prim...
Compiling module unisims_ver.RB36_INTERNAL_VLOG(DOA_REG=1,DOB...
Compiling module unisims_ver.RAMB36E1(DOA_REG=1,INIT_00=256'b...
Compiling module xil_defaultlib.qpath_generator_blk_mem_gen_prim...
Compiling module xil_defaultlib.qpath_generator_blk_mem_gen_prim...
Compiling module xil_defaultlib.qpath_generator_blk_mem_gen_gene...
Compiling module xil_defaultlib.qpath_generator_blk_mem_gen_top
Compiling module xil_defaultlib.qpath_generator_blk_mem_gen_v8_3...
Compiling module xil_defaultlib.qpath_generator_blk_mem_gen_v8_3...
Compiling module xil_defaultlib.qpath_generator
Compiling module xil_defaultlib.bb_iq_generator
Compiling module xil_defaultlib.ad9361_txdata
Compiling module xil_defaultlib.ad9361_txdata_tb
Compiling module xil_defaultlib.glbl
Built simulation snapshot ad9361_txdata_tb_behav
